
> web@0.1.0 dev
> next dev --turbopack -p 3002

   ▲ Next.js 15.4.6 (Turbopack)
   - Local:        http://localhost:3002
   - Network:      http://192.168.1.78:3002
   - Environments: .env.local

 ✓ Starting...
 ✓ Ready in 673ms
 ✓ Compiled /api/health in 481ms
 GET /api/health 200 in 550ms
 ✓ Compiled /api/dev/sign-in in 158ms
(node:37474) [DEP0040] DeprecationWarning: The `punycode` module is deprecated. Please use a userland alternative instead.
(Use `node --trace-deprecation ...` to show where the warning was created)
 POST /api/dev/sign-in 200 in 646ms
 ✓ Compiled /api/admin/services in 68ms
 GET /api/admin/services 200 in 639ms
 ✓ Compiled /api/customers in 65ms
 GET /api/customers 200 in 401ms
 ✓ Compiled /api/customers/[id]/vehicles in 65ms
(node:37497) [DEP0040] DeprecationWarning: The `punycode` module is deprecated. Please use a userland alternative instead.
(Use `node --trace-deprecation ...` to show where the warning was created)
(node:37498) [DEP0040] DeprecationWarning: The `punycode` module is deprecated. Please use a userland alternative instead.
(Use `node --trace-deprecation ...` to show where the warning was created)
 GET /api/customers/b308bafd-8ea9-4034-b236-938c6227d272/vehicles 200 in 673ms
 ✓ Compiled /api/customers/[id]/addresses in 58ms
(node:37502) [DEP0040] DeprecationWarning: The `punycode` module is deprecated. Please use a userland alternative instead.
(Use `node --trace-deprecation ...` to show where the warning was created)
(node:37503) [DEP0040] DeprecationWarning: The `punycode` module is deprecated. Please use a userland alternative instead.
(Use `node --trace-deprecation ...` to show where the warning was created)
 GET /api/customers/b308bafd-8ea9-4034-b236-938c6227d272/addresses 200 in 580ms
 ✓ Compiled /api/bookings in 57ms
 POST /api/bookings 200 in 737ms
 GET /api/bookings 200 in 311ms
 POST /api/bookings 400 in 536ms
 ○ Compiling / ...
 ✓ Compiled / in 827ms
 GET / 200 in 965ms
 ✓ Compiled /favicon.ico in 51ms
 GET /favicon.ico?favicon.45db1c09.ico 200 in 287ms
 GET /favicon.ico?favicon.45db1c09.ico 200 in 219ms
 ✓ Compiled /dashboard in 195ms
 GET /dashboard 200 in 252ms
 GET /favicon.ico?favicon.45db1c09.ico 200 in 216ms
 ✓ Compiled /bookings in 223ms
 GET /bookings 200 in 245ms
 ⨯ [Error: ENOENT: no such file or directory, open '/Users/paulevans/Documents/Studio work/detail-app/web/.next/server/app/api/bookings/[__metadata_id__]/route/app-paths-manifest.json'] {
  errno: -2,
  code: 'ENOENT',
  syscall: 'open',
  path: '/Users/paulevans/Documents/Studio work/detail-app/web/.next/server/app/api/bookings/[__metadata_id__]/route/app-paths-manifest.json'
}
 ✓ Compiled /_error in 419ms
 GET /api/bookings 500 in 521ms
 ⨯ [Error: ENOENT: no such file or directory, open '/Users/paulevans/Documents/Studio work/detail-app/web/.next/server/app/api/bookings/[__metadata_id__]/route/app-paths-manifest.json'] {
  errno: -2,
  code: 'ENOENT',
  syscall: 'open',
  path: '/Users/paulevans/Documents/Studio work/detail-app/web/.next/server/app/api/bookings/[__metadata_id__]/route/app-paths-manifest.json'
}
 GET /api/bookings 500 in 65ms
 GET /favicon.ico 200 in 223ms
 GET /bookings 200 in 91ms
 ⨯ [Error: ENOENT: no such file or directory, open '/Users/paulevans/Documents/Studio work/detail-app/web/.next/server/app/api/bookings/[__metadata_id__]/route/app-paths-manifest.json'] {
  errno: -2,
  code: 'ENOENT',
  syscall: 'open',
  path: '/Users/paulevans/Documents/Studio work/detail-app/web/.next/server/app/api/bookings/[__metadata_id__]/route/app-paths-manifest.json'
}
 GET /api/bookings 500 in 36ms
 GET /favicon.ico?favicon.45db1c09.ico 200 in 216ms
 GET /bookings 200 in 63ms
 ⨯ [Error: ENOENT: no such file or directory, open '/Users/paulevans/Documents/Studio work/detail-app/web/.next/server/app/api/bookings/[__metadata_id__]/route/app-paths-manifest.json'] {
  errno: -2,
  code: 'ENOENT',
  syscall: 'open',
  path: '/Users/paulevans/Documents/Studio work/detail-app/web/.next/server/app/api/bookings/[__metadata_id__]/route/app-paths-manifest.json'
}
 GET /api/bookings 500 in 29ms
 GET /favicon.ico?favicon.45db1c09.ico 200 in 217ms
 GET /favicon.ico?favicon.45db1c09.ico 200 in 216ms
 GET / 200 in 103ms
 GET /favicon.ico?favicon.45db1c09.ico 200 in 221ms
 GET /bookings 200 in 68ms
 ⨯ [Error: ENOENT: no such file or directory, open '/Users/paulevans/Documents/Studio work/detail-app/web/.next/server/app/api/bookings/[__metadata_id__]/route/app-paths-manifest.json'] {
  errno: -2,
  code: 'ENOENT',
  syscall: 'open',
  path: '/Users/paulevans/Documents/Studio work/detail-app/web/.next/server/app/api/bookings/[__metadata_id__]/route/app-paths-manifest.json'
}
 GET /api/bookings 500 in 35ms
 GET /favicon.ico?favicon.45db1c09.ico 200 in 218ms
 ⚠ Fast Refresh had to perform a full reload due to a runtime error.
 ⚠ Fast Refresh had to perform a full reload due to a runtime error.
 ✓ Compiled in 22ms
 GET /bookings 200 in 226ms
 GET /bookings 200 in 54ms
 ⨯ [Error: ENOENT: no such file or directory, open '/Users/paulevans/Documents/Studio work/detail-app/web/.next/server/app/api/bookings/[__metadata_id__]/route/app-paths-manifest.json'] {
  errno: -2,
  code: 'ENOENT',
  syscall: 'open',
  path: '/Users/paulevans/Documents/Studio work/detail-app/web/.next/server/app/api/bookings/[__metadata_id__]/route/app-paths-manifest.json'
}
 GET /api/bookings 500 in 37ms
 GET /favicon.ico?favicon.45db1c09.ico 200 in 219ms
 ⨯ [Error: ENOENT: no such file or directory, open '/Users/paulevans/Documents/Studio work/detail-app/web/.next/server/app/api/bookings/[__metadata_id__]/route/app-paths-manifest.json'] {
  errno: -2,
  code: 'ENOENT',
  syscall: 'open',
  path: '/Users/paulevans/Documents/Studio work/detail-app/web/.next/server/app/api/bookings/[__metadata_id__]/route/app-paths-manifest.json'
}
 GET /api/bookings 500 in 30ms
 GET /favicon.ico?favicon.45db1c09.ico 200 in 225ms
 GET /favicon.ico?favicon.45db1c09.ico 200 in 219ms
 GET /favicon.ico?favicon.45db1c09.ico 200 in 216ms
 ⨯ [Error: ENOENT: no such file or directory, open '/Users/paulevans/Documents/Studio work/detail-app/web/.next/server/app/api/bookings/[__metadata_id__]/route/app-paths-manifest.json'] {
  errno: -2,
  code: 'ENOENT',
  syscall: 'open',
  path: '/Users/paulevans/Documents/Studio work/detail-app/web/.next/server/app/api/bookings/[__metadata_id__]/route/app-paths-manifest.json'
}
 ✓ Compiled in 33ms
 ⨯ [Error: ENOENT: no such file or directory, open '/Users/paulevans/Documents/Studio work/detail-app/web/.next/server/pages/_app/build-manifest.json'] {
  errno: -2,
  code: 'ENOENT',
  syscall: 'open',
  path: '/Users/paulevans/Documents/Studio work/detail-app/web/.next/server/pages/_app/build-manifest.json'
}
[Error: ENOENT: no such file or directory, open '/Users/paulevans/Documents/Studio work/detail-app/web/.next/server/app/api/bookings/[__metadata_id__]/route/app-paths-manifest.json'] {
  errno: -2,
  code: 'ENOENT',
  syscall: 'open',
  path: '/Users/paulevans/Documents/Studio work/detail-app/web/.next/server/app/api/bookings/[__metadata_id__]/route/app-paths-manifest.json'
}
 ⨯ [Error: ENOENT: no such file or directory, open '/Users/paulevans/Documents/Studio work/detail-app/web/.next/server/pages/_app/build-manifest.json'] {
  errno: -2,
  code: 'ENOENT',
  syscall: 'open',
  path: '/Users/paulevans/Documents/Studio work/detail-app/web/.next/server/pages/_app/build-manifest.json'
}
[Error: ENOENT: no such file or directory, open '/Users/paulevans/Documents/Studio work/detail-app/web/.next/server/pages/_app/build-manifest.json'] {
  errno: -2,
  code: 'ENOENT',
  syscall: 'open',
  path: '/Users/paulevans/Documents/Studio work/detail-app/web/.next/server/pages/_app/build-manifest.json'
}
 ⨯ [Error: ENOENT: no such file or directory, open '/Users/paulevans/Documents/Studio work/detail-app/web/.next/server/app/api/bookings/[__metadata_id__]/route/app-paths-manifest.json'] {
  errno: -2,
  code: 'ENOENT',
  syscall: 'open',
  path: '/Users/paulevans/Documents/Studio work/detail-app/web/.next/server/app/api/bookings/[__metadata_id__]/route/app-paths-manifest.json'
}
 ⨯ [Error: ENOENT: no such file or directory, open '/Users/paulevans/Documents/Studio work/detail-app/web/.next/server/pages/_app/build-manifest.json'] {
  errno: -2,
  code: 'ENOENT',
  syscall: 'open',
  path: '/Users/paulevans/Documents/Studio work/detail-app/web/.next/server/pages/_app/build-manifest.json'
}
[Error: ENOENT: no such file or directory, open '/Users/paulevans/Documents/Studio work/detail-app/web/.next/server/app/api/bookings/[__metadata_id__]/route/app-paths-manifest.json'] {
  errno: -2,
  code: 'ENOENT',
  syscall: 'open',
  path: '/Users/paulevans/Documents/Studio work/detail-app/web/.next/server/app/api/bookings/[__metadata_id__]/route/app-paths-manifest.json'
}
 ⨯ [Error: ENOENT: no such file or directory, open '/Users/paulevans/Documents/Studio work/detail-app/web/.next/server/pages/_app/build-manifest.json'] {
  errno: -2,
  code: 'ENOENT',
  syscall: 'open',
  path: '/Users/paulevans/Documents/Studio work/detail-app/web/.next/server/pages/_app/build-manifest.json'
}
[Error: ENOENT: no such file or directory, open '/Users/paulevans/Documents/Studio work/detail-app/web/.next/server/pages/_app/build-manifest.json'] {
  errno: -2,
  code: 'ENOENT',
  syscall: 'open',
  path: '/Users/paulevans/Documents/Studio work/detail-app/web/.next/server/pages/_app/build-manifest.json'
}
 ✓ Compiled /api/profiles/me in 160ms
 ⨯ [Error: ENOENT: no such file or directory, open '/Users/paulevans/Documents/Studio work/detail-app/web/.next/static/development/_buildManifest.js.tmp.jgtgzjot0y'] {
  errno: -2,
  code: 'ENOENT',
  syscall: 'open',
  path: '/Users/paulevans/Documents/Studio work/detail-app/web/.next/static/development/_buildManifest.js.tmp.jgtgzjot0y'
}
 ⨯ [Error: ENOENT: no such file or directory, open '/Users/paulevans/Documents/Studio work/detail-app/web/.next/server/pages/_app/build-manifest.json'] {
  errno: -2,
  code: 'ENOENT',
  syscall: 'open',
  path: '/Users/paulevans/Documents/Studio work/detail-app/web/.next/server/pages/_app/build-manifest.json'
}
[Error: ENOENT: no such file or directory, open '/Users/paulevans/Documents/Studio work/detail-app/web/.next/static/development/_buildManifest.js.tmp.jgtgzjot0y'] {
  errno: -2,
  code: 'ENOENT',
  syscall: 'open',
  path: '/Users/paulevans/Documents/Studio work/detail-app/web/.next/static/development/_buildManifest.js.tmp.jgtgzjot0y'
}
 ⨯ [Error: ENOENT: no such file or directory, open '/Users/paulevans/Documents/Studio work/detail-app/web/.next/server/pages/_app/build-manifest.json'] {
  errno: -2,
  code: 'ENOENT',
  syscall: 'open',
  path: '/Users/paulevans/Documents/Studio work/detail-app/web/.next/server/pages/_app/build-manifest.json'
}
[Error: ENOENT: no such file or directory, open '/Users/paulevans/Documents/Studio work/detail-app/web/.next/server/pages/_app/build-manifest.json'] {
  errno: -2,
  code: 'ENOENT',
  syscall: 'open',
  path: '/Users/paulevans/Documents/Studio work/detail-app/web/.next/server/pages/_app/build-manifest.json'
}
 ⨯ [Error: ENOENT: no such file or directory, open '/Users/paulevans/Documents/Studio work/detail-app/web/.next/static/development/_buildManifest.js.tmp.sizwqy6oza'] {
  errno: -2,
  code: 'ENOENT',
  syscall: 'open',
  path: '/Users/paulevans/Documents/Studio work/detail-app/web/.next/static/development/_buildManifest.js.tmp.sizwqy6oza'
}
 ⨯ [Error: ENOENT: no such file or directory, open '/Users/paulevans/Documents/Studio work/detail-app/web/.next/server/pages/_app/build-manifest.json'] {
  errno: -2,
  code: 'ENOENT',
  syscall: 'open',
  path: '/Users/paulevans/Documents/Studio work/detail-app/web/.next/server/pages/_app/build-manifest.json'
}
[Error: ENOENT: no such file or directory, open '/Users/paulevans/Documents/Studio work/detail-app/web/.next/static/development/_buildManifest.js.tmp.sizwqy6oza'] {
  errno: -2,
  code: 'ENOENT',
  syscall: 'open',
  path: '/Users/paulevans/Documents/Studio work/detail-app/web/.next/static/development/_buildManifest.js.tmp.sizwqy6oza'
}
 ⨯ [Error: ENOENT: no such file or directory, open '/Users/paulevans/Documents/Studio work/detail-app/web/.next/server/pages/_app/build-manifest.json'] {
  errno: -2,
  code: 'ENOENT',
  syscall: 'open',
  path: '/Users/paulevans/Documents/Studio work/detail-app/web/.next/server/pages/_app/build-manifest.json'
}
[Error: ENOENT: no such file or directory, open '/Users/paulevans/Documents/Studio work/detail-app/web/.next/server/pages/_app/build-manifest.json'] {
  errno: -2,
  code: 'ENOENT',
  syscall: 'open',
  path: '/Users/paulevans/Documents/Studio work/detail-app/web/.next/server/pages/_app/build-manifest.json'
}
 ⨯ [Error: ENOENT: no such file or directory, open '/Users/paulevans/Documents/Studio work/detail-app/web/.next/server/app/bookings/page/app-build-manifest.json'] {
  errno: -2,
  code: 'ENOENT',
  syscall: 'open',
  path: '/Users/paulevans/Documents/Studio work/detail-app/web/.next/server/app/bookings/page/app-build-manifest.json'
}
 ⨯ [Error: ENOENT: no such file or directory, open '/Users/paulevans/Documents/Studio work/detail-app/web/.next/server/pages/_app/build-manifest.json'] {
  errno: -2,
  code: 'ENOENT',
  syscall: 'open',
  path: '/Users/paulevans/Documents/Studio work/detail-app/web/.next/server/pages/_app/build-manifest.json'
}
[Error: ENOENT: no such file or directory, open '/Users/paulevans/Documents/Studio work/detail-app/web/.next/server/app/bookings/page/app-build-manifest.json'] {
  errno: -2,
  code: 'ENOENT',
  syscall: 'open',
  path: '/Users/paulevans/Documents/Studio work/detail-app/web/.next/server/app/bookings/page/app-build-manifest.json'
}
 ⨯ [Error: ENOENT: no such file or directory, open '/Users/paulevans/Documents/Studio work/detail-app/web/.next/server/pages/_app/build-manifest.json'] {
  errno: -2,
  code: 'ENOENT',
  syscall: 'open',
  path: '/Users/paulevans/Documents/Studio work/detail-app/web/.next/server/pages/_app/build-manifest.json'
}
[Error: ENOENT: no such file or directory, open '/Users/paulevans/Documents/Studio work/detail-app/web/.next/server/pages/_app/build-manifest.json'] {
  errno: -2,
  code: 'ENOENT',
  syscall: 'open',
  path: '/Users/paulevans/Documents/Studio work/detail-app/web/.next/server/pages/_app/build-manifest.json'
}
 ⨯ [Error: ENOENT: no such file or directory, open '/Users/paulevans/Documents/Studio work/detail-app/web/.next/server/app/bookings/page/app-build-manifest.json'] {
  errno: -2,
  code: 'ENOENT',
  syscall: 'open',
  path: '/Users/paulevans/Documents/Studio work/detail-app/web/.next/server/app/bookings/page/app-build-manifest.json'
}
 ⨯ [Error: ENOENT: no such file or directory, open '/Users/paulevans/Documents/Studio work/detail-app/web/.next/server/pages/_app/build-manifest.json'] {
  errno: -2,
  code: 'ENOENT',
  syscall: 'open',
  path: '/Users/paulevans/Documents/Studio work/detail-app/web/.next/server/pages/_app/build-manifest.json'
}
[Error: ENOENT: no such file or directory, open '/Users/paulevans/Documents/Studio work/detail-app/web/.next/server/app/bookings/page/app-build-manifest.json'] {
  errno: -2,
  code: 'ENOENT',
  syscall: 'open',
  path: '/Users/paulevans/Documents/Studio work/detail-app/web/.next/server/app/bookings/page/app-build-manifest.json'
}
 ⨯ [Error: ENOENT: no such file or directory, open '/Users/paulevans/Documents/Studio work/detail-app/web/.next/server/pages/_app/build-manifest.json'] {
  errno: -2,
  code: 'ENOENT',
  syscall: 'open',
  path: '/Users/paulevans/Documents/Studio work/detail-app/web/.next/server/pages/_app/build-manifest.json'
}
[Error: ENOENT: no such file or directory, open '/Users/paulevans/Documents/Studio work/detail-app/web/.next/server/pages/_app/build-manifest.json'] {
  errno: -2,
  code: 'ENOENT',
  syscall: 'open',
  path: '/Users/paulevans/Documents/Studio work/detail-app/web/.next/server/pages/_app/build-manifest.json'
}
 ⨯ [Error: ENOENT: no such file or directory, open '/Users/paulevans/Documents/Studio work/detail-app/web/.next/server/app/bookings/page/app-build-manifest.json'] {
  errno: -2,
  code: 'ENOENT',
  syscall: 'open',
  path: '/Users/paulevans/Documents/Studio work/detail-app/web/.next/server/app/bookings/page/app-build-manifest.json'
}
 ⨯ [Error: ENOENT: no such file or directory, open '/Users/paulevans/Documents/Studio work/detail-app/web/.next/server/pages/_app/build-manifest.json'] {
  errno: -2,
  code: 'ENOENT',
  syscall: 'open',
  path: '/Users/paulevans/Documents/Studio work/detail-app/web/.next/server/pages/_app/build-manifest.json'
}
[Error: ENOENT: no such file or directory, open '/Users/paulevans/Documents/Studio work/detail-app/web/.next/server/app/bookings/page/app-build-manifest.json'] {
  errno: -2,
  code: 'ENOENT',
  syscall: 'open',
  path: '/Users/paulevans/Documents/Studio work/detail-app/web/.next/server/app/bookings/page/app-build-manifest.json'
}
 ⨯ [Error: ENOENT: no such file or directory, open '/Users/paulevans/Documents/Studio work/detail-app/web/.next/server/pages/_app/build-manifest.json'] {
  errno: -2,
  code: 'ENOENT',
  syscall: 'open',
  path: '/Users/paulevans/Documents/Studio work/detail-app/web/.next/server/pages/_app/build-manifest.json'
}
[Error: ENOENT: no such file or directory, open '/Users/paulevans/Documents/Studio work/detail-app/web/.next/server/pages/_app/build-manifest.json'] {
  errno: -2,
  code: 'ENOENT',
  syscall: 'open',
  path: '/Users/paulevans/Documents/Studio work/detail-app/web/.next/server/pages/_app/build-manifest.json'
}
 ⨯ [Error: ENOENT: no such file or directory, open '/Users/paulevans/Documents/Studio work/detail-app/web/.next/server/app/bookings/page/app-build-manifest.json'] {
  errno: -2,
  code: 'ENOENT',
  syscall: 'open',
  path: '/Users/paulevans/Documents/Studio work/detail-app/web/.next/server/app/bookings/page/app-build-manifest.json'
}
 ⨯ [Error: ENOENT: no such file or directory, open '/Users/paulevans/Documents/Studio work/detail-app/web/.next/server/pages/_app/build-manifest.json'] {
  errno: -2,
  code: 'ENOENT',
  syscall: 'open',
  path: '/Users/paulevans/Documents/Studio work/detail-app/web/.next/server/pages/_app/build-manifest.json'
}
[Error: ENOENT: no such file or directory, open '/Users/paulevans/Documents/Studio work/detail-app/web/.next/server/app/bookings/page/app-build-manifest.json'] {
  errno: -2,
  code: 'ENOENT',
  syscall: 'open',
  path: '/Users/paulevans/Documents/Studio work/detail-app/web/.next/server/app/bookings/page/app-build-manifest.json'
}
 ⨯ [Error: ENOENT: no such file or directory, open '/Users/paulevans/Documents/Studio work/detail-app/web/.next/server/app/bookings/page/app-build-manifest.json'] {
  errno: -2,
  code: 'ENOENT',
  syscall: 'open',
  path: '/Users/paulevans/Documents/Studio work/detail-app/web/.next/server/app/bookings/page/app-build-manifest.json'
}
 ⨯ [Error: ENOENT: no such file or directory, open '/Users/paulevans/Documents/Studio work/detail-app/web/.next/server/pages/_app/build-manifest.json'] {
  errno: -2,
  code: 'ENOENT',
  syscall: 'open',
  path: '/Users/paulevans/Documents/Studio work/detail-app/web/.next/server/pages/_app/build-manifest.json'
}
 ⨯ [Error: ENOENT: no such file or directory, open '/Users/paulevans/Documents/Studio work/detail-app/web/.next/server/pages/_app/build-manifest.json'] {
  errno: -2,
  code: 'ENOENT',
  syscall: 'open',
  path: '/Users/paulevans/Documents/Studio work/detail-app/web/.next/server/pages/_app/build-manifest.json'
}
[Error: ENOENT: no such file or directory, open '/Users/paulevans/Documents/Studio work/detail-app/web/.next/server/pages/_app/build-manifest.json'] {
  errno: -2,
  code: 'ENOENT',
  syscall: 'open',
  path: '/Users/paulevans/Documents/Studio work/detail-app/web/.next/server/pages/_app/build-manifest.json'
}
[Error: ENOENT: no such file or directory, open '/Users/paulevans/Documents/Studio work/detail-app/web/.next/server/app/bookings/page/app-build-manifest.json'] {
  errno: -2,
  code: 'ENOENT',
  syscall: 'open',
  path: '/Users/paulevans/Documents/Studio work/detail-app/web/.next/server/app/bookings/page/app-build-manifest.json'
}
 ⨯ [Error: ENOENT: no such file or directory, open '/Users/paulevans/Documents/Studio work/detail-app/web/.next/server/pages/_app/build-manifest.json'] {
  errno: -2,
  code: 'ENOENT',
  syscall: 'open',
  path: '/Users/paulevans/Documents/Studio work/detail-app/web/.next/server/pages/_app/build-manifest.json'
}
[Error: ENOENT: no such file or directory, open '/Users/paulevans/Documents/Studio work/detail-app/web/.next/server/pages/_app/build-manifest.json'] {
  errno: -2,
  code: 'ENOENT',
  syscall: 'open',
  path: '/Users/paulevans/Documents/Studio work/detail-app/web/.next/server/pages/_app/build-manifest.json'
}
 ⨯ [Error: ENOENT: no such file or directory, open '/Users/paulevans/Documents/Studio work/detail-app/web/.next/server/app/bookings/page/app-build-manifest.json'] {
  errno: -2,
  code: 'ENOENT',
  syscall: 'open',
  path: '/Users/paulevans/Documents/Studio work/detail-app/web/.next/server/app/bookings/page/app-build-manifest.json'
}
 ⨯ [Error: ENOENT: no such file or directory, open '/Users/paulevans/Documents/Studio work/detail-app/web/.next/server/pages/_app/build-manifest.json'] {
  errno: -2,
  code: 'ENOENT',
  syscall: 'open',
  path: '/Users/paulevans/Documents/Studio work/detail-app/web/.next/server/pages/_app/build-manifest.json'
}
[Error: ENOENT: no such file or directory, open '/Users/paulevans/Documents/Studio work/detail-app/web/.next/server/app/bookings/page/app-build-manifest.json'] {
  errno: -2,
  code: 'ENOENT',
  syscall: 'open',
  path: '/Users/paulevans/Documents/Studio work/detail-app/web/.next/server/app/bookings/page/app-build-manifest.json'
}
 ⨯ [Error: ENOENT: no such file or directory, open '/Users/paulevans/Documents/Studio work/detail-app/web/.next/server/pages/_app/build-manifest.json'] {
  errno: -2,
  code: 'ENOENT',
  syscall: 'open',
  path: '/Users/paulevans/Documents/Studio work/detail-app/web/.next/server/pages/_app/build-manifest.json'
}
[Error: ENOENT: no such file or directory, open '/Users/paulevans/Documents/Studio work/detail-app/web/.next/server/pages/_app/build-manifest.json'] {
  errno: -2,
  code: 'ENOENT',
  syscall: 'open',
  path: '/Users/paulevans/Documents/Studio work/detail-app/web/.next/server/pages/_app/build-manifest.json'
}
 ⨯ [Error: ENOENT: no such file or directory, open '/Users/paulevans/Documents/Studio work/detail-app/web/.next/server/app/bookings/page/app-build-manifest.json'] {
  errno: -2,
  code: 'ENOENT',
  syscall: 'open',
  path: '/Users/paulevans/Documents/Studio work/detail-app/web/.next/server/app/bookings/page/app-build-manifest.json'
}
 ⨯ [Error: ENOENT: no such file or directory, open '/Users/paulevans/Documents/Studio work/detail-app/web/.next/server/pages/_app/build-manifest.json'] {
  errno: -2,
  code: 'ENOENT',
  syscall: 'open',
  path: '/Users/paulevans/Documents/Studio work/detail-app/web/.next/server/pages/_app/build-manifest.json'
}
[Error: ENOENT: no such file or directory, open '/Users/paulevans/Documents/Studio work/detail-app/web/.next/server/app/bookings/page/app-build-manifest.json'] {
  errno: -2,
  code: 'ENOENT',
  syscall: 'open',
  path: '/Users/paulevans/Documents/Studio work/detail-app/web/.next/server/app/bookings/page/app-build-manifest.json'
}
 ⨯ [Error: ENOENT: no such file or directory, open '/Users/paulevans/Documents/Studio work/detail-app/web/.next/server/pages/_app/build-manifest.json'] {
  errno: -2,
  code: 'ENOENT',
  syscall: 'open',
  path: '/Users/paulevans/Documents/Studio work/detail-app/web/.next/server/pages/_app/build-manifest.json'
}
[Error: ENOENT: no such file or directory, open '/Users/paulevans/Documents/Studio work/detail-app/web/.next/server/pages/_app/build-manifest.json'] {
  errno: -2,
  code: 'ENOENT',
  syscall: 'open',
  path: '/Users/paulevans/Documents/Studio work/detail-app/web/.next/server/pages/_app/build-manifest.json'
}
 ⨯ [Error: ENOENT: no such file or directory, open '/Users/paulevans/Documents/Studio work/detail-app/web/.next/server/app/favicon.ico/[__metadata_id__]/route/app-paths-manifest.json'] {
  errno: -2,
  code: 'ENOENT',
  syscall: 'open',
  path: '/Users/paulevans/Documents/Studio work/detail-app/web/.next/server/app/favicon.ico/[__metadata_id__]/route/app-paths-manifest.json'
}
 ⨯ [Error: ENOENT: no such file or directory, open '/Users/paulevans/Documents/Studio work/detail-app/web/.next/server/app/bookings/page/app-build-manifest.json'] {
  errno: -2,
  code: 'ENOENT',
  syscall: 'open',
  path: '/Users/paulevans/Documents/Studio work/detail-app/web/.next/server/app/bookings/page/app-build-manifest.json'
}
 ⨯ [Error: ENOENT: no such file or directory, open '/Users/paulevans/Documents/Studio work/detail-app/web/.next/server/pages/_app/build-manifest.json'] {
  errno: -2,
  code: 'ENOENT',
  syscall: 'open',
  path: '/Users/paulevans/Documents/Studio work/detail-app/web/.next/server/pages/_app/build-manifest.json'
}
[Error: ENOENT: no such file or directory, open '/Users/paulevans/Documents/Studio work/detail-app/web/.next/server/app/bookings/page/app-build-manifest.json'] {
  errno: -2,
  code: 'ENOENT',
  syscall: 'open',
  path: '/Users/paulevans/Documents/Studio work/detail-app/web/.next/server/app/bookings/page/app-build-manifest.json'
}
 ⨯ [Error: ENOENT: no such file or directory, open '/Users/paulevans/Documents/Studio work/detail-app/web/.next/server/pages/_app/build-manifest.json'] {
  errno: -2,
  code: 'ENOENT',
  syscall: 'open',
  path: '/Users/paulevans/Documents/Studio work/detail-app/web/.next/server/pages/_app/build-manifest.json'
}
[Error: ENOENT: no such file or directory, open '/Users/paulevans/Documents/Studio work/detail-app/web/.next/server/pages/_app/build-manifest.json'] {
  errno: -2,
  code: 'ENOENT',
  syscall: 'open',
  path: '/Users/paulevans/Documents/Studio work/detail-app/web/.next/server/pages/_app/build-manifest.json'
}
 ⨯ [Error: ENOENT: no such file or directory, open '/Users/paulevans/Documents/Studio work/detail-app/web/.next/server/app/favicon.ico/[__metadata_id__]/route/app-paths-manifest.json'] {
  errno: -2,
  code: 'ENOENT',
  syscall: 'open',
  path: '/Users/paulevans/Documents/Studio work/detail-app/web/.next/server/app/favicon.ico/[__metadata_id__]/route/app-paths-manifest.json'
}
 ⨯ [Error: ENOENT: no such file or directory, open '/Users/paulevans/Documents/Studio work/detail-app/web/.next/server/app/bookings/page/app-build-manifest.json'] {
  errno: -2,
  code: 'ENOENT',
  syscall: 'open',
  path: '/Users/paulevans/Documents/Studio work/detail-app/web/.next/server/app/bookings/page/app-build-manifest.json'
}
 ⨯ [Error: ENOENT: no such file or directory, open '/Users/paulevans/Documents/Studio work/detail-app/web/.next/server/pages/_app/build-manifest.json'] {
  errno: -2,
  code: 'ENOENT',
  syscall: 'open',
  path: '/Users/paulevans/Documents/Studio work/detail-app/web/.next/server/pages/_app/build-manifest.json'
}
[Error: ENOENT: no such file or directory, open '/Users/paulevans/Documents/Studio work/detail-app/web/.next/server/app/bookings/page/app-build-manifest.json'] {
  errno: -2,
  code: 'ENOENT',
  syscall: 'open',
  path: '/Users/paulevans/Documents/Studio work/detail-app/web/.next/server/app/bookings/page/app-build-manifest.json'
}
 ⨯ [Error: ENOENT: no such file or directory, open '/Users/paulevans/Documents/Studio work/detail-app/web/.next/server/pages/_app/build-manifest.json'] {
  errno: -2,
  code: 'ENOENT',
  syscall: 'open',
  path: '/Users/paulevans/Documents/Studio work/detail-app/web/.next/server/pages/_app/build-manifest.json'
}
[Error: ENOENT: no such file or directory, open '/Users/paulevans/Documents/Studio work/detail-app/web/.next/server/pages/_app/build-manifest.json'] {
  errno: -2,
  code: 'ENOENT',
  syscall: 'open',
  path: '/Users/paulevans/Documents/Studio work/detail-app/web/.next/server/pages/_app/build-manifest.json'
}
 ⨯ [Error: ENOENT: no such file or directory, open '/Users/paulevans/Documents/Studio work/detail-app/web/.next/server/app/favicon.ico/[__metadata_id__]/route/app-paths-manifest.json'] {
  errno: -2,
  code: 'ENOENT',
  syscall: 'open',
  path: '/Users/paulevans/Documents/Studio work/detail-app/web/.next/server/app/favicon.ico/[__metadata_id__]/route/app-paths-manifest.json'
}
 ✓ Compiled /api/demo/seed in 43ms
 POST /api/demo/seed 200 in 7830ms
   Reload env: .env.local
 ⨯ [Error: ENOENT: no such file or directory, open '/Users/paulevans/Documents/Studio work/detail-app/web/.next/server/app/api/dev/sign-in/[__metadata_id__]/route/app-paths-manifest.json'] {
  errno: -2,
  code: 'ENOENT',
  syscall: 'open',
  path: '/Users/paulevans/Documents/Studio work/detail-app/web/.next/server/app/api/dev/sign-in/[__metadata_id__]/route/app-paths-manifest.json'
}
 ⨯ [Error: ENOENT: no such file or directory, open '/Users/paulevans/Documents/Studio work/detail-app/web/.next/server/pages/_app/build-manifest.json'] {
  errno: -2,
  code: 'ENOENT',
  syscall: 'open',
  path: '/Users/paulevans/Documents/Studio work/detail-app/web/.next/server/pages/_app/build-manifest.json'
}
[Error: ENOENT: no such file or directory, open '/Users/paulevans/Documents/Studio work/detail-app/web/.next/server/app/api/dev/sign-in/[__metadata_id__]/route/app-paths-manifest.json'] {
  errno: -2,
  code: 'ENOENT',
  syscall: 'open',
  path: '/Users/paulevans/Documents/Studio work/detail-app/web/.next/server/app/api/dev/sign-in/[__metadata_id__]/route/app-paths-manifest.json'
}
 ⨯ [Error: ENOENT: no such file or directory, open '/Users/paulevans/Documents/Studio work/detail-app/web/.next/server/pages/_app/build-manifest.json'] {
  errno: -2,
  code: 'ENOENT',
  syscall: 'open',
  path: '/Users/paulevans/Documents/Studio work/detail-app/web/.next/server/pages/_app/build-manifest.json'
}
[Error: ENOENT: no such file or directory, open '/Users/paulevans/Documents/Studio work/detail-app/web/.next/server/pages/_app/build-manifest.json'] {
  errno: -2,
  code: 'ENOENT',
  syscall: 'open',
  path: '/Users/paulevans/Documents/Studio work/detail-app/web/.next/server/pages/_app/build-manifest.json'
}
 ✓ Compiled /api/messages/send in 58ms
 ⨯ [Error: ENOENT: no such file or directory, open '/Users/paulevans/Documents/Studio work/detail-app/web/.next/static/development/_buildManifest.js.tmp.xo4iit0e0nn'] {
  errno: -2,
  code: 'ENOENT',
  syscall: 'open',
  path: '/Users/paulevans/Documents/Studio work/detail-app/web/.next/static/development/_buildManifest.js.tmp.xo4iit0e0nn'
}
 ⨯ [Error: ENOENT: no such file or directory, open '/Users/paulevans/Documents/Studio work/detail-app/web/.next/server/pages/_app/build-manifest.json'] {
  errno: -2,
  code: 'ENOENT',
  syscall: 'open',
  path: '/Users/paulevans/Documents/Studio work/detail-app/web/.next/server/pages/_app/build-manifest.json'
}
[Error: ENOENT: no such file or directory, open '/Users/paulevans/Documents/Studio work/detail-app/web/.next/static/development/_buildManifest.js.tmp.xo4iit0e0nn'] {
  errno: -2,
  code: 'ENOENT',
  syscall: 'open',
  path: '/Users/paulevans/Documents/Studio work/detail-app/web/.next/static/development/_buildManifest.js.tmp.xo4iit0e0nn'
}
 ⨯ [Error: ENOENT: no such file or directory, open '/Users/paulevans/Documents/Studio work/detail-app/web/.next/server/pages/_app/build-manifest.json'] {
  errno: -2,
  code: 'ENOENT',
  syscall: 'open',
  path: '/Users/paulevans/Documents/Studio work/detail-app/web/.next/server/pages/_app/build-manifest.json'
}
[Error: ENOENT: no such file or directory, open '/Users/paulevans/Documents/Studio work/detail-app/web/.next/server/pages/_app/build-manifest.json'] {
  errno: -2,
  code: 'ENOENT',
  syscall: 'open',
  path: '/Users/paulevans/Documents/Studio work/detail-app/web/.next/server/pages/_app/build-manifest.json'
}
 ⨯ [Error: ENOENT: no such file or directory, open '/Users/paulevans/Documents/Studio work/detail-app/web/.next/server/app/api/dev/sign-in/[__metadata_id__]/route/app-paths-manifest.json'] {
  errno: -2,
  code: 'ENOENT',
  syscall: 'open',
  path: '/Users/paulevans/Documents/Studio work/detail-app/web/.next/server/app/api/dev/sign-in/[__metadata_id__]/route/app-paths-manifest.json'
}
 ⨯ [Error: ENOENT: no such file or directory, open '/Users/paulevans/Documents/Studio work/detail-app/web/.next/server/pages/_app/build-manifest.json'] {
  errno: -2,
  code: 'ENOENT',
  syscall: 'open',
  path: '/Users/paulevans/Documents/Studio work/detail-app/web/.next/server/pages/_app/build-manifest.json'
}
[Error: ENOENT: no such file or directory, open '/Users/paulevans/Documents/Studio work/detail-app/web/.next/server/app/api/dev/sign-in/[__metadata_id__]/route/app-paths-manifest.json'] {
  errno: -2,
  code: 'ENOENT',
  syscall: 'open',
  path: '/Users/paulevans/Documents/Studio work/detail-app/web/.next/server/app/api/dev/sign-in/[__metadata_id__]/route/app-paths-manifest.json'
}
 ⨯ [Error: ENOENT: no such file or directory, open '/Users/paulevans/Documents/Studio work/detail-app/web/.next/server/pages/_app/build-manifest.json'] {
  errno: -2,
  code: 'ENOENT',
  syscall: 'open',
  path: '/Users/paulevans/Documents/Studio work/detail-app/web/.next/server/pages/_app/build-manifest.json'
}
[Error: ENOENT: no such file or directory, open '/Users/paulevans/Documents/Studio work/detail-app/web/.next/server/pages/_app/build-manifest.json'] {
  errno: -2,
  code: 'ENOENT',
  syscall: 'open',
  path: '/Users/paulevans/Documents/Studio work/detail-app/web/.next/server/pages/_app/build-manifest.json'
}
 ✓ Compiled /api/dev/send-test in 51ms
 ⨯ [Error: ENOENT: no such file or directory, open '/Users/paulevans/Documents/Studio work/detail-app/web/.next/static/development/_buildManifest.js.tmp.cuk32r8qq46'] {
  errno: -2,
  code: 'ENOENT',
  syscall: 'open',
  path: '/Users/paulevans/Documents/Studio work/detail-app/web/.next/static/development/_buildManifest.js.tmp.cuk32r8qq46'
}
 ⨯ [Error: ENOENT: no such file or directory, open '/Users/paulevans/Documents/Studio work/detail-app/web/.next/server/pages/_app/build-manifest.json'] {
  errno: -2,
  code: 'ENOENT',
  syscall: 'open',
  path: '/Users/paulevans/Documents/Studio work/detail-app/web/.next/server/pages/_app/build-manifest.json'
}
[Error: ENOENT: no such file or directory, open '/Users/paulevans/Documents/Studio work/detail-app/web/.next/static/development/_buildManifest.js.tmp.cuk32r8qq46'] {
  errno: -2,
  code: 'ENOENT',
  syscall: 'open',
  path: '/Users/paulevans/Documents/Studio work/detail-app/web/.next/static/development/_buildManifest.js.tmp.cuk32r8qq46'
}
 ⨯ [Error: ENOENT: no such file or directory, open '/Users/paulevans/Documents/Studio work/detail-app/web/.next/server/pages/_app/build-manifest.json'] {
  errno: -2,
  code: 'ENOENT',
  syscall: 'open',
  path: '/Users/paulevans/Documents/Studio work/detail-app/web/.next/server/pages/_app/build-manifest.json'
}
[Error: ENOENT: no such file or directory, open '/Users/paulevans/Documents/Studio work/detail-app/web/.next/server/pages/_app/build-manifest.json'] {
  errno: -2,
  code: 'ENOENT',
  syscall: 'open',
  path: '/Users/paulevans/Documents/Studio work/detail-app/web/.next/server/pages/_app/build-manifest.json'
}
 ✓ Compiled middleware in 57ms
 ✓ Compiled middleware in 1ms
 ✓ Compiled in 26ms
 ✓ Compiled in 68ms
 ✓ Compiled middleware in 0ms
 ✓ Compiled middleware in 2ms
 ✓ Compiled in 26ms
 ✓ Compiled middleware in 1ms
 ✓ Compiled in 27ms
